<?xml version="1.0" encoding="UTF-8"?>
<testsuites>
    <testsuite name="force.apex" timestamp="2020-01-02T13:37:58-06:00" hostname="https://brave-raccoon-lumme8-dev-ed.my.salesforce.com" tests="3" failures="0"  errors="0"  time="1.22">
        <properties>
            <property name="outcome" value="Passed"/>
            <property name="testsRan" value="3"/>
            <property name="passing" value="3"/>
            <property name="failing" value="0"/>
            <property name="skipped" value="0"/>
            <property name="passRate" value="100%"/>
            <property name="failRate" value="0%"/>
            <property name="testStartTime" value="Jan 2, 2020 1:37 PM"/>
            <property name="testExecutionTime" value="1.22 s"/>
            <property name="testTotalTime" value="1.22 s"/>
            <property name="commandTime" value="4.16 s"/>
            <property name="hostname" value="https://brave-raccoon-lumme8-dev-ed.my.salesforce.com"/>
            <property name="orgId" value="00D6g00000364k5EAA"/>
            <property name="username" value="j.dvos@brave-raccoon-lumme8.com"/>
            <property name="testRunId" value="7076g000009n32P"/>
            <property name="userId" value="0056g000002P1CGAA0"/>
            <property name="testRunCoverage" value="96%"/>
            <property name="orgWideCoverage" value="84%"/>
        </properties>
        <testcase name="OrderUpdate_UnitTest" classname="OrderTests" time="0.22">
        </testcase>
        <testcase name="Product2Extension_UnitTest" classname="Product2Tests" time="0.15">
        </testcase>
        <testcase name="Product2Trigger_UnitTest" classname="Product2Tests" time="0.86">
        </testcase>
    </testsuite>
</testsuites>
