<?xml version="1.0" encoding="UTF-8"?>
<testsuites>
    <testsuite name="force.apex" timestamp="2020-01-02T10:23:30-06:00" hostname="https://brave-raccoon-lumme8-dev-ed.my.salesforce.com" tests="2" failures="0"  errors="0"  time="0.27">
        <properties>
            <property name="outcome" value="Passed"/>
            <property name="testsRan" value="2"/>
            <property name="passing" value="2"/>
            <property name="failing" value="0"/>
            <property name="skipped" value="0"/>
            <property name="passRate" value="100%"/>
            <property name="failRate" value="0%"/>
            <property name="testStartTime" value="Jan 2, 2020 10:23 AM"/>
            <property name="testExecutionTime" value="0.27 s"/>
            <property name="testTotalTime" value="0.27 s"/>
            <property name="commandTime" value="3.13 s"/>
            <property name="hostname" value="https://brave-raccoon-lumme8-dev-ed.my.salesforce.com"/>
            <property name="orgId" value="00D6g00000364k5EAA"/>
            <property name="username" value="j.dvos@brave-raccoon-lumme8.com"/>
            <property name="testRunId" value="7076g000009ms1m"/>
            <property name="userId" value="0056g000002P1CGAA0"/>
            <property name="testRunCoverage" value="93%"/>
            <property name="orgWideCoverage" value="71%"/>
        </properties>
        <testcase name="OrderUpdate_UnitTest" classname="OrderTests" time="0.15">
        </testcase>
        <testcase name="Product2Extension_UnitTest" classname="Product2Tests" time="0.12">
        </testcase>
    </testsuite>
</testsuites>
