<?xml version="1.0" encoding="UTF-8"?>
<testsuites>
    <testsuite name="force.apex" timestamp="2020-01-02T13:10:14-06:00" hostname="https://brave-raccoon-lumme8-dev-ed.my.salesforce.com" tests="1" failures="0"  errors="0"  time="1.47">
        <properties>
            <property name="outcome" value="Passed"/>
            <property name="testsRan" value="1"/>
            <property name="passing" value="1"/>
            <property name="failing" value="0"/>
            <property name="skipped" value="0"/>
            <property name="passRate" value="100%"/>
            <property name="failRate" value="0%"/>
            <property name="testStartTime" value="Jan 2, 2020 1:10 PM"/>
            <property name="testExecutionTime" value="1.47 s"/>
            <property name="testTotalTime" value="1.47 s"/>
            <property name="commandTime" value="4.71 s"/>
            <property name="hostname" value="https://brave-raccoon-lumme8-dev-ed.my.salesforce.com"/>
            <property name="orgId" value="00D6g00000364k5EAA"/>
            <property name="username" value="j.dvos@brave-raccoon-lumme8.com"/>
            <property name="testRunId" value="7076g000009n1U6"/>
            <property name="userId" value="0056g000002P1CGAA0"/>
            <property name="testRunCoverage" value="96%"/>
            <property name="orgWideCoverage" value="53%"/>
        </properties>
        <testcase name="Product2Trigger_UnitTest" classname="Product2Tests" time="1.47">
        </testcase>
    </testsuite>
</testsuites>
